<?xml version="1.0" encoding="UTF-8"?>
<testsuite name="com.unistgympeople.ApplicationTest" time="0.2" tests="31" errors="0" skipped="0" failures="0">
  <properties>
[...]
</properties>
  <testcase name="testRegisterWebSocketHandler" classname="com.unistgympeople.ApplicationTest" time="0.078"/>
  <testcase name="GetCalenderByMemberTest" classname="com.unistgympeople.ApplicationTest" time="0.004"/>
  <testcase name="testgenerateUsernumModel" classname="com.unistgympeople.ApplicationTest" time="0.002"/>
  <testcase name="GetCalenderByMemberAndDateTest" classname="com.unistgympeople.ApplicationTest" time="0.002"/>
  <testcase name="CalenderModelTest" classname="com.unistgympeople.ApplicationTest" time="0.003"/>
  <testcase name="CalenderServiceTest" classname="com.unistgympeople.ApplicationTest" time="0.001"/>
  <testcase name="GetExerciseServiceByTypeTest" classname="com.unistgympeople.ApplicationTest" time="0.009"/>
  <testcase name="PostCalenderServiceTest" classname="com.unistgympeople.ApplicationTest" time="0.004"/>
  <testcase name="testFindAllRoom" classname="com.unistgympeople.ApplicationTest" time="0.004"/>
  <testcase name="testGetCalenderServiceCalorieByMemberAndDateError" classname="com.unistgympeople.ApplicationTest" time="0.003"/>
  <testcase name="GetCalenderCalorieErrorTest" classname="com.unistgympeople.ApplicationTest" time="0.002"/>
  <testcase name="PostExerciseTest" classname="com.unistgympeople.ApplicationTest" time="0.002"/>
  <testcase name="GetCalenderServiceByMemberTest" classname="com.unistgympeople.ApplicationTest" time="0.003"/>
  <testcase name="testSendMessage" classname="com.unistgympeople.ApplicationTest" time="0.004"/>
  <testcase name="testUserController" classname="com.unistgympeople.ApplicationTest" time="0.014"/>
  <testcase name="testCreateRoom" classname="com.unistgympeople.ApplicationTest" time="0.003"/>
  <testcase name="GetExerciseByTypeTest" classname="com.unistgympeople.ApplicationTest" time="0.002"/>
  <testcase name="ExerciseModelTest" classname="com.unistgympeople.ApplicationTest" time="0.002"/>
  <testcase name="GetAllExerciseTest" classname="com.unistgympeople.ApplicationTest" time="0.003"/>
  <testcase name="testUsernumService" classname="com.unistgympeople.ApplicationTest" time="0.009"/>
  <testcase name="testFindRoomById" classname="com.unistgympeople.ApplicationTest" time="0.002"/>
  <testcase name="testUserService" classname="com.unistgympeople.ApplicationTest" time="0.011"/>
  <testcase name="testgenerateUserModel" classname="com.unistgympeople.ApplicationTest" time="0.001"/>
  <testcase name="GetAllExerciseServiceTest" classname="com.unistgympeople.ApplicationTest" time="0.001"/>
  <testcase name="GetCalenderCalorieTest" classname="com.unistgympeople.ApplicationTest" time="0.002"/>
  <testcase name="ExerciseServiceTest" classname="com.unistgympeople.ApplicationTest" time="0.001"/>
  <testcase name="GetCalenderServiceByMemberAndDateTest" classname="com.unistgympeople.ApplicationTest" time="0.002"/>
  <testcase name="GetCalenderServiceCalorieByMemberAndDateTest" classname="com.unistgympeople.ApplicationTest" time="0.002"/>
  <testcase name="GetCalenderCalorieEmptyTest" classname="com.unistgympeople.ApplicationTest" time="0.002"/>
  <testcase name="PostExerciseServiceTest" classname="com.unistgympeople.ApplicationTest" time="0.002"/>
  <testcase name="testSingleHandleTextMessage" classname="com.unistgympeople.ApplicationTest" time="0.02"/>
</testsuite>